<?xml version="1.0" encoding="UTF-8"?>
<testng-results ignored="0" total="3" passed="3" failed="0" skipped="0">
  <reporter-output>
  </reporter-output>
  <suite started-at="2020-07-19T18:01:45 IST" name="Default suite" finished-at="2020-07-19T18:01:48 IST" duration-ms="2374">
    <groups>
    </groups>
    <test started-at="2020-07-19T18:01:45 IST" name="Default test" finished-at="2020-07-19T18:01:48 IST" duration-ms="2374">
      <class name="Test01">
        <test-method signature="test_01()[pri:0, instance:Test01@23529fee]" started-at="2020-07-19T18:01:45 IST" name="test_01" finished-at="2020-07-19T18:01:47 IST" duration-ms="1538" status="PASS">
          <reporter-output>
          </reporter-output>
        </test-method> <!-- test_01 -->
        <test-method signature="test_02()[pri:0, instance:Test01@23529fee]" started-at="2020-07-19T18:01:47 IST" name="test_02" finished-at="2020-07-19T18:01:47 IST" duration-ms="382" status="PASS">
          <reporter-output>
          </reporter-output>
        </test-method> <!-- test_02 -->
        <test-method signature="test_03()[pri:0, instance:Test01@23529fee]" started-at="2020-07-19T18:01:47 IST" name="test_03" finished-at="2020-07-19T18:01:48 IST" duration-ms="428" status="PASS">
          <reporter-output>
          </reporter-output>
        </test-method> <!-- test_03 -->
      </class> <!-- Test01 -->
    </test> <!-- Default test -->
  </suite> <!-- Default suite -->
</testng-results>
